<?xml version="1.0" encoding="UTF-8"?>
<!-- Generated by org.testng.reporters.JUnitReportReporter -->
<testsuite hostname="LAPTOP-2EQAN3L4" failures="0" tests="2" name="com.crm.qa.testcases.LoginPageTest" time="10.005" errors="0" timestamp="2021-05-21T10:35:54 IST" skipped="0">
  <testcase classname="com.crm.qa.testcases.LoginPageTest" name="loginPageTitleTest" time="3.388"/>
  <system-out/>
  <testcase classname="com.crm.qa.testcases.LoginPageTest" name="loginTest" time="6.617"/>
  <system-out/>
</testsuite> <!-- com.crm.qa.testcases.LoginPageTest -->
