<?xml version="1.0" encoding="UTF-8"?>
<!-- Generated by org.testng.reporters.JUnitReportReporter -->
<testsuite hostname="LAPTOP-2EQAN3L4" failures="0" tests="3" name="com.crm.qa.testcases.RegisterPageTest" time="29.923" errors="0" timestamp="2021-05-20T12:53:16 IST" skipped="0">
  <testcase classname="com.crm.qa.testcases.RegisterPageTest" name="verifyRegisterPageTitleTest" time="5.361"/>
  <system-out/>
  <testcase classname="com.crm.qa.testcases.RegisterPageTest" name="verifyCorrectPageNameTest" time="9.314"/>
  <system-out/>
  <testcase classname="com.crm.qa.testcases.RegisterPageTest" name="verifyContactsLinkTest" time="15.248"/>
  <system-out/>
</testsuite> <!-- com.crm.qa.testcases.RegisterPageTest -->
