<?xml version="1.0" encoding="UTF-8"?>
<!-- Generated by org.testng.reporters.JUnitReportReporter -->
<testsuite skipped="0" hostname="LAPTOP-2EQAN3L4" name="com.crm.qa.testcases.RegisterPageTest" tests="3" failures="0" timestamp="2021-05-21T13:31:42 IST" time="22.652" errors="0">
  <testcase name="verifyRegisterPageTitleTest" time="5.706" classname="com.crm.qa.testcases.RegisterPageTest"/>
  <system-out/>
  <testcase name="verifyCorrectPageNameTest" time="9.795" classname="com.crm.qa.testcases.RegisterPageTest"/>
  <system-out/>
  <testcase name="verifyContactsLinkTest" time="7.151" classname="com.crm.qa.testcases.RegisterPageTest"/>
  <system-out/>
</testsuite> <!-- com.crm.qa.testcases.RegisterPageTest -->
